2024-02-29T13:09:50.311+05:30  INFO 14220 --- [main] in.mahesh.LoggerApp01Application         : Starting LoggerApp01Application using Java 17.0.10 with PID 14220 (D:\Springboot_Workspace\logger-App_01\target\classes started by PC in D:\Springboot_Workspace\logger-App_01)
2024-02-29T13:09:50.316+05:30  INFO 14220 --- [main] in.mahesh.LoggerApp01Application         : No active profile set, falling back to 1 default profile: "default"
2024-02-29T13:09:52.428+05:30  INFO 14220 --- [main] o.s.b.w.embedded.tomcat.TomcatWebServer  : Tomcat initialized with port 9090 (http)
2024-02-29T13:09:52.468+05:30  INFO 14220 --- [main] o.apache.catalina.core.StandardService   : Starting service [Tomcat]
2024-02-29T13:09:52.469+05:30  INFO 14220 --- [main] o.apache.catalina.core.StandardEngine    : Starting Servlet engine: [Apache Tomcat/10.1.19]
2024-02-29T13:09:52.724+05:30  INFO 14220 --- [main] o.a.c.c.C.[Tomcat].[localhost].[/]       : Initializing Spring embedded WebApplicationContext
2024-02-29T13:09:52.725+05:30  INFO 14220 --- [main] w.s.c.ServletWebServerApplicationContext : Root WebApplicationContext: initialization completed in 2281 ms
2024-02-29T13:09:53.425+05:30  WARN 14220 --- [main] ConfigServletWebServerApplicationContext : Exception encountered during context initialization - cancelling refresh attempt: org.springframework.context.ApplicationContextException: Failed to start bean 'webServerStartStop'
2024-02-29T13:09:53.459+05:30  INFO 14220 --- [main] .s.b.a.l.ConditionEvaluationReportLogger : 

Error starting ApplicationContext. To display the condition evaluation report re-run your application with 'debug' enabled.
2024-02-29T13:09:53.508+05:30 ERROR 14220 --- [main] o.s.b.d.LoggingFailureAnalysisReporter   : 

***************************
APPLICATION FAILED TO START
***************************

Description:

Web server failed to start. Port 9090 was already in use.

Action:

Identify and stop the process that's listening on port 9090 or configure this application to listen on another port.

2024-02-29T13:10:21.493+05:30  INFO 14244 --- [main] in.mahesh.LoggerApp01Application         : Starting LoggerApp01Application using Java 17.0.10 with PID 14244 (D:\Springboot_Workspace\logger-App_01\target\classes started by PC in D:\Springboot_Workspace\logger-App_01)
2024-02-29T13:10:21.498+05:30  INFO 14244 --- [main] in.mahesh.LoggerApp01Application         : No active profile set, falling back to 1 default profile: "default"
2024-02-29T13:10:22.932+05:30  INFO 14244 --- [main] o.s.b.w.embedded.tomcat.TomcatWebServer  : Tomcat initialized with port 9091 (http)
2024-02-29T13:10:22.955+05:30  INFO 14244 --- [main] o.apache.catalina.core.StandardService   : Starting service [Tomcat]
2024-02-29T13:10:22.955+05:30  INFO 14244 --- [main] o.apache.catalina.core.StandardEngine    : Starting Servlet engine: [Apache Tomcat/10.1.19]
2024-02-29T13:10:23.051+05:30  INFO 14244 --- [main] o.a.c.c.C.[Tomcat].[localhost].[/]       : Initializing Spring embedded WebApplicationContext
2024-02-29T13:10:23.052+05:30  INFO 14244 --- [main] w.s.c.ServletWebServerApplicationContext : Root WebApplicationContext: initialization completed in 1473 ms
2024-02-29T13:10:23.559+05:30  INFO 14244 --- [main] o.s.b.w.embedded.tomcat.TomcatWebServer  : Tomcat started on port 9091 (http) with context path ''
2024-02-29T13:10:23.575+05:30  INFO 14244 --- [main] in.mahesh.LoggerApp01Application         : Started LoggerApp01Application in 2.759 seconds (process running for 3.923)
2024-02-29T13:10:23.579+05:30  INFO 14244 --- [main] in.mahesh.PrintMessage                   : Logger Class has been Started...
2024-02-29T13:10:23.580+05:30  INFO 14244 --- [main] in.mahesh.PrintMessage                   : Logger Class has been Ended...
2024-02-29T13:11:34.151+05:30  INFO 14244 --- [http-nio-9091-exec-1] o.a.c.c.C.[Tomcat].[localhost].[/]       : Initializing Spring DispatcherServlet 'dispatcherServlet'
2024-02-29T13:11:34.151+05:30  INFO 14244 --- [http-nio-9091-exec-1] o.s.web.servlet.DispatcherServlet        : Initializing Servlet 'dispatcherServlet'
2024-02-29T13:11:34.155+05:30  INFO 14244 --- [http-nio-9091-exec-1] o.s.web.servlet.DispatcherServlet        : Completed initialization in 4 ms
2024-02-29T13:11:34.205+05:30  INFO 14244 --- [http-nio-9091-exec-1] in.mahesh.PrintMessage                   : Logger Class has been Started...
2024-02-29T13:11:34.205+05:30  INFO 14244 --- [http-nio-9091-exec-1] in.mahesh.PrintMessage                   : Logger Class has been Ended...
2024-02-29T13:12:01.200+05:30  INFO 14244 --- [RMI TCP Connection(5)-127.0.0.1] inMXBeanRegistrar$SpringApplicationAdmin : Application shutdown requested.
2024-02-29T13:12:54.589+05:30  INFO 10408 --- [main] in.mahesh.LoggerApp01Application         : Starting LoggerApp01Application using Java 17.0.10 with PID 10408 (D:\Springboot_Workspace\logger-App_01\target\classes started by PC in D:\Springboot_Workspace\logger-App_01)
2024-02-29T13:12:54.595+05:30  INFO 10408 --- [main] in.mahesh.LoggerApp01Application         : No active profile set, falling back to 1 default profile: "default"
2024-02-29T13:12:55.879+05:30  INFO 10408 --- [main] o.s.b.w.embedded.tomcat.TomcatWebServer  : Tomcat initialized with port 9091 (http)
2024-02-29T13:12:55.900+05:30  INFO 10408 --- [main] o.apache.catalina.core.StandardService   : Starting service [Tomcat]
2024-02-29T13:12:55.900+05:30  INFO 10408 --- [main] o.apache.catalina.core.StandardEngine    : Starting Servlet engine: [Apache Tomcat/10.1.19]
2024-02-29T13:12:55.986+05:30  INFO 10408 --- [main] o.a.c.c.C.[Tomcat].[localhost].[/]       : Initializing Spring embedded WebApplicationContext
2024-02-29T13:12:55.987+05:30  INFO 10408 --- [main] w.s.c.ServletWebServerApplicationContext : Root WebApplicationContext: initialization completed in 1310 ms
2024-02-29T13:12:56.454+05:30  INFO 10408 --- [main] o.s.b.w.embedded.tomcat.TomcatWebServer  : Tomcat started on port 9091 (http) with context path ''
2024-02-29T13:12:56.471+05:30  INFO 10408 --- [main] in.mahesh.LoggerApp01Application         : Started LoggerApp01Application in 2.562 seconds (process running for 3.725)
2024-02-29T13:12:56.492+05:30  INFO 10408 --- [main] in.mahesh.PrintMessage                   : Logger Class has been Started...
2024-02-29T13:12:56.492+05:30  INFO 10408 --- [main] in.mahesh.PrintMessage                   : Logger Class has been Ended...
2024-02-29T13:13:04.888+05:30  INFO 10408 --- [http-nio-9091-exec-1] o.a.c.c.C.[Tomcat].[localhost].[/]       : Initializing Spring DispatcherServlet 'dispatcherServlet'
2024-02-29T13:13:04.889+05:30  INFO 10408 --- [http-nio-9091-exec-1] o.s.web.servlet.DispatcherServlet        : Initializing Servlet 'dispatcherServlet'
2024-02-29T13:13:04.891+05:30  INFO 10408 --- [http-nio-9091-exec-1] o.s.web.servlet.DispatcherServlet        : Completed initialization in 2 ms
2024-02-29T13:13:04.942+05:30  INFO 10408 --- [http-nio-9091-exec-1] in.mahesh.PrintMessage                   : Logger Class has been Started...
2024-02-29T13:13:04.943+05:30  INFO 10408 --- [http-nio-9091-exec-1] in.mahesh.PrintMessage                   : Logger Class has been Ended...
2024-02-29T13:13:10.485+05:30  INFO 10408 --- [RMI TCP Connection(2)-127.0.0.1] inMXBeanRegistrar$SpringApplicationAdmin : Application shutdown requested.
